<?xml version="1.0" encoding="UTF-8"?>
<!-- Generated by org.testng.reporters.JUnitReportReporter -->
<testsuite hostname="DESKTOP-5NJJEON" failures="0" tests="1" name="util.BrowserFactory" time="1.558" errors="0" timestamp="2023-07-10T14:13:20 CDT" skipped="0">
  <testcase classname="util.BrowserFactory" name="init" time="1.558"/>
</testsuite> <!-- util.BrowserFactory -->
