<?xml version="1.0" encoding="UTF-8"?>
<!-- Generated by org.testng.reporters.JUnitReportReporter -->
<testsuite hostname="DESKTOP-5NJJEON" failures="0" tests="1" name="test.LoginTest" time="2.414" errors="0" timestamp="2023-08-11T22:34:20 CDT" skipped="0">
  <testcase classname="test.LoginTest" name="validUserShouldBeAbleToLogin" time="2.414"/>
</testsuite> <!-- test.LoginTest -->
